-------------------------------------------------------------------------------
Test set: com.exercicis.TestExercici0004
-------------------------------------------------------------------------------
Tests run: 6, Failures: 3, Errors: 0, Skipped: 0, Time elapsed: 0.103 s <<< FAILURE! -- in com.exercicis.TestExercici0004
com.exercicis.TestExercici0004.testMainFunctionEdgeCase -- Time elapsed: 0.029 s <<< FAILURE!
org.opentest4j.AssertionFailedError: 
>>>>>>>>>> Diff found >>>>>>>>>>
First difference at position 47.
Received: Escriu una contrasenya: La contrasenya 'Pass12' <difference>
Expected: Escriu una contrasenya: La contrasenya 'Pass12': La contrasenya NO és vàlida
<<<<<<<<<< Diff end <<<<<<<<<< ==> expected: <true> but was: <false>
	at org.junit.jupiter.api.AssertionFailureBuilder.build(AssertionFailureBuilder.java:151)
	at org.junit.jupiter.api.AssertionFailureBuilder.buildAndThrow(AssertionFailureBuilder.java:132)
	at org.junit.jupiter.api.AssertTrue.failNotTrue(AssertTrue.java:63)
	at org.junit.jupiter.api.AssertTrue.assertTrue(AssertTrue.java:36)
	at org.junit.jupiter.api.Assertions.assertTrue(Assertions.java:214)
	at com.exercicis.TestExercici0004.testMainFunctionEdgeCase(TestExercici0004.java:140)
	at java.base/java.lang.reflect.Method.invoke(Method.java:580)
	at java.base/java.util.ArrayList.forEach(ArrayList.java:1597)
	at java.base/java.util.ArrayList.forEach(ArrayList.java:1597)

com.exercicis.TestExercici0004.testMainFunctionInvalidPwd -- Time elapsed: 0.003 s <<< FAILURE!
org.opentest4j.AssertionFailedError: 
>>>>>>>>>> Diff found >>>>>>>>>>
First difference at position 49.
Received: Escriu una contrasenya: La contrasenya 'password' <difference>
Expected: Escriu una contrasenya: La contrasenya 'password': La contrasenya NO és vàlida
<<<<<<<<<< Diff end <<<<<<<<<< ==> expected: <true> but was: <false>
	at org.junit.jupiter.api.AssertionFailureBuilder.build(AssertionFailureBuilder.java:151)
	at org.junit.jupiter.api.AssertionFailureBuilder.buildAndThrow(AssertionFailureBuilder.java:132)
	at org.junit.jupiter.api.AssertTrue.failNotTrue(AssertTrue.java:63)
	at org.junit.jupiter.api.AssertTrue.assertTrue(AssertTrue.java:36)
	at org.junit.jupiter.api.Assertions.assertTrue(Assertions.java:214)
	at com.exercicis.TestExercici0004.testMainFunctionInvalidPwd(TestExercici0004.java:113)
	at java.base/java.lang.reflect.Method.invoke(Method.java:580)
	at java.base/java.util.ArrayList.forEach(ArrayList.java:1597)
	at java.base/java.util.ArrayList.forEach(ArrayList.java:1597)

com.exercicis.TestExercici0004.testMainFunctionValidPwd -- Time elapsed: 0.003 s <<< FAILURE!
org.opentest4j.AssertionFailedError: 
>>>>>>>>>> Diff found >>>>>>>>>>
First difference at position 52.
Received: Escriu una contrasenya: La contrasenya 'PassWord123' <difference>
Expected: Escriu una contrasenya: La contrasenya 'PassWord123': La contrasenya és vàlida
<<<<<<<<<< Diff end <<<<<<<<<< ==> expected: <true> but was: <false>
	at org.junit.jupiter.api.AssertionFailureBuilder.build(AssertionFailureBuilder.java:151)
	at org.junit.jupiter.api.AssertionFailureBuilder.buildAndThrow(AssertionFailureBuilder.java:132)
	at org.junit.jupiter.api.AssertTrue.failNotTrue(AssertTrue.java:63)
	at org.junit.jupiter.api.AssertTrue.assertTrue(AssertTrue.java:36)
	at org.junit.jupiter.api.Assertions.assertTrue(Assertions.java:214)
	at com.exercicis.TestExercici0004.testMainFunctionValidPwd(TestExercici0004.java:86)
	at java.base/java.lang.reflect.Method.invoke(Method.java:580)
	at java.base/java.util.ArrayList.forEach(ArrayList.java:1597)
	at java.base/java.util.ArrayList.forEach(ArrayList.java:1597)

