<?xml version="1.0" encoding="UTF-8"?>
<testsuite xmlns:xsi="http://www.w3.org/2001/XMLSchema-instance" xsi:noNamespaceSchemaLocation="https://maven.apache.org/surefire/maven-surefire-plugin/xsd/surefire-test-report-3.0.xsd" version="3.0" name="com.exercicis.TestExercici0009" time="0.082" tests="2" errors="0" skipped="0" failures="1">
  <properties>
[...]
</properties>
  <testcase name="testMainFunction" classname="com.exercicis.TestExercici0009" time="0.053">
    <failure message="&gt;&gt;&gt;&gt;&gt;&gt;&gt;&gt;&gt;&gt; Diff found &gt;&gt;&gt;&gt;&gt;&gt;&gt;&gt;&gt;&gt;&#10;First difference at position 66.&#10;Received: Introdueix l&apos;ample del rectangle: Introdueix l&apos;alt del rectangle: \n&lt;difference&gt;&#10;Expected: Introdueix l&apos;ample del rectangle: Introdueix l&apos;alt del rectangle: Resultat:&#10;&lt;&lt;&lt;&lt;&lt;&lt;&lt;&lt;&lt;&lt; Diff end &lt;&lt;&lt;&lt;&lt;&lt;&lt;&lt;&lt;&lt;&#10; ==&gt; expected: &lt;true&gt; but was: &lt;false&gt;" type="org.opentest4j.AssertionFailedError"><![CDATA[org.opentest4j.AssertionFailedError: 
>>>>>>>>>> Diff found >>>>>>>>>>
First difference at position 66.
Received: Introdueix l'ample del rectangle: Introdueix l'alt del rectangle: \n<difference>
Expected: Introdueix l'ample del rectangle: Introdueix l'alt del rectangle: Resultat:
<<<<<<<<<< Diff end <<<<<<<<<<
 ==> expected: <true> but was: <false>
	at org.junit.jupiter.api.AssertionFailureBuilder.build(AssertionFailureBuilder.java:151)
	at org.junit.jupiter.api.AssertionFailureBuilder.buildAndThrow(AssertionFailureBuilder.java:132)
	at org.junit.jupiter.api.AssertTrue.failNotTrue(AssertTrue.java:63)
	at org.junit.jupiter.api.AssertTrue.assertTrue(AssertTrue.java:36)
	at org.junit.jupiter.api.Assertions.assertTrue(Assertions.java:214)
	at com.exercicis.TestExercici0009.testMainFunction(TestExercici0009.java:72)
	at java.base/java.lang.reflect.Method.invoke(Method.java:580)
	at java.base/java.util.ArrayList.forEach(ArrayList.java:1597)
	at java.base/java.util.ArrayList.forEach(ArrayList.java:1597)
]]></failure>
  </testcase>
  <testcase name="testDibuixarRectangle" classname="com.exercicis.TestExercici0009" time="0.003"/>
</testsuite>