<?xml version="1.0" encoding="UTF-8"?>
<testsuite xmlns:xsi="http://www.w3.org/2001/XMLSchema-instance" xsi:noNamespaceSchemaLocation="https://maven.apache.org/surefire/maven-surefire-plugin/xsd/surefire-test-report-3.0.xsd" version="3.0" name="com.exercicis.TestExercici0005" time="0.17" tests="3" errors="0" skipped="0" failures="1">
  <properties>
[...]
</properties>
  <testcase name="testMainOutput" classname="com.exercicis.TestExercici0005" time="0.108">
    <failure message="&gt;&gt;&gt;&gt;&gt;&gt;&gt;&gt;&gt;&gt; Diff found &gt;&gt;&gt;&gt;&gt;&gt;&gt;&gt;&gt;&gt;&#10;First difference at position 21.&#10;Received: Anul·la la lluna (Si)&#13;&lt;difference&gt;&#10;Expected: Anul·la la lluna (Si)&#10;&lt;&lt;&lt;&lt;&lt;&lt;&lt;&lt;&lt;&lt; Diff end &lt;&lt;&lt;&lt;&lt;&lt;&lt;&lt;&lt;&lt; ==&gt; expected: &lt;true&gt; but was: &lt;false&gt;" type="org.opentest4j.AssertionFailedError"><![CDATA[org.opentest4j.AssertionFailedError: 
>>>>>>>>>> Diff found >>>>>>>>>>
First difference at position 21.
Received: Anul·la la lluna (Si)<difference>
Expected: Anul·la la lluna (Si)
<<<<<<<<<< Diff end <<<<<<<<<< ==> expected: <true> but was: <false>
	at org.junit.jupiter.api.AssertionFailureBuilder.build(AssertionFailureBuilder.java:151)
	at org.junit.jupiter.api.AssertionFailureBuilder.buildAndThrow(AssertionFailureBuilder.java:132)
	at org.junit.jupiter.api.AssertTrue.failNotTrue(AssertTrue.java:63)
	at org.junit.jupiter.api.AssertTrue.assertTrue(AssertTrue.java:36)
	at org.junit.jupiter.api.Assertions.assertTrue(Assertions.java:214)
	at com.exercicis.TestExercici0005.testMainOutput(TestExercici0005.java:81)
	at java.base/java.lang.reflect.Method.invoke(Method.java:580)
	at java.base/java.util.ArrayList.forEach(ArrayList.java:1597)
	at java.base/java.util.ArrayList.forEach(ArrayList.java:1597)
]]></failure>
  </testcase>
  <testcase name="testNormalize" classname="com.exercicis.TestExercici0005" time="0.012"/>
  <testcase name="testIsPalindrom" classname="com.exercicis.TestExercici0005" time="0.003"/>
</testsuite>