<?xml version="1.0" encoding="UTF-8"?>
<testsuite xmlns:xsi="http://www.w3.org/2001/XMLSchema-instance" xsi:noNamespaceSchemaLocation="https://maven.apache.org/surefire/maven-surefire-plugin/xsd/surefire-test-report-3.0.xsd" version="3.0" name="com.exercicis.TestExercici0006" time="0.087" tests="2" errors="0" skipped="0" failures="1">
  <properties>
[...]
</properties>
  <testcase name="testCalculaEntrada" classname="com.exercicis.TestExercici0006" time="0.032"/>
  <testcase name="testMainFunction" classname="com.exercicis.TestExercici0006" time="0.026">
    <failure message="&gt;&gt;&gt;&gt;&gt;&gt;&gt;&gt;&gt;&gt; Diff found &gt;&gt;&gt;&gt;&gt;&gt;&gt;&gt;&gt;&gt;&#10;Matching text:&#10;Cas 1 (2 adults, 2 nens, 1 gran):  28.80€&#10;&#10;First difference at position 58.&#10;Received: Cas 2 (1 adult, 2&lt;difference&gt;&#10;Expected: Cas 2 (1 adult,  2 nens, 0 grans): 12.50€&#10;&#10;&lt;&lt;&lt;&lt;&lt;&lt;&lt;&lt;&lt;&lt; Diff end &lt;&lt;&lt;&lt;&lt;&lt;&lt;&lt;&lt;&lt; ==&gt; expected: &lt;true&gt; but was: &lt;false&gt;" type="org.opentest4j.AssertionFailedError"><![CDATA[org.opentest4j.AssertionFailedError: 
>>>>>>>>>> Diff found >>>>>>>>>>
Matching text:
Cas 1 (2 adults, 2 nens, 1 gran):  28.80€

First difference at position 58.
Received: Cas 2 (1 adult, 2<difference>
Expected: Cas 2 (1 adult,  2 nens, 0 grans): 12.50€

<<<<<<<<<< Diff end <<<<<<<<<< ==> expected: <true> but was: <false>
	at org.junit.jupiter.api.AssertionFailureBuilder.build(AssertionFailureBuilder.java:151)
	at org.junit.jupiter.api.AssertionFailureBuilder.buildAndThrow(AssertionFailureBuilder.java:132)
	at org.junit.jupiter.api.AssertTrue.failNotTrue(AssertTrue.java:63)
	at org.junit.jupiter.api.AssertTrue.assertTrue(AssertTrue.java:36)
	at org.junit.jupiter.api.Assertions.assertTrue(Assertions.java:214)
	at com.exercicis.TestExercici0006.testMainFunction(TestExercici0006.java:81)
	at java.base/java.lang.reflect.Method.invoke(Method.java:580)
	at java.base/java.util.ArrayList.forEach(ArrayList.java:1597)
	at java.base/java.util.ArrayList.forEach(ArrayList.java:1597)
]]></failure>
  </testcase>
</testsuite>