<?xml version="1.0" encoding="UTF-8"?>
<testsuite xmlns:xsi="http://www.w3.org/2001/XMLSchema-instance" xsi:noNamespaceSchemaLocation="https://maven.apache.org/surefire/maven-surefire-plugin/xsd/surefire-test-report-3.0.xsd" version="3.0" name="com.exercicis.TestExercici0004" time="0.103" tests="6" errors="0" skipped="0" failures="3">
  <properties>
[...]
</properties>
  <testcase name="testValidaContrasenya" classname="com.exercicis.TestExercici0004" time="0.03"/>
  <testcase name="testContaMajuscules" classname="com.exercicis.TestExercici0004" time="0.002"/>
  <testcase name="testContaMinuscules" classname="com.exercicis.TestExercici0004" time="0.002"/>
  <testcase name="testMainFunctionEdgeCase" classname="com.exercicis.TestExercici0004" time="0.029">
    <failure message="&gt;&gt;&gt;&gt;&gt;&gt;&gt;&gt;&gt;&gt; Diff found &gt;&gt;&gt;&gt;&gt;&gt;&gt;&gt;&gt;&gt;&#10;First difference at position 47.&#10;Received: Escriu una contrasenya: La contrasenya &apos;Pass12&apos; &lt;difference&gt;&#10;Expected: Escriu una contrasenya: La contrasenya &apos;Pass12&apos;: La contrasenya NO és vàlida&#10;&lt;&lt;&lt;&lt;&lt;&lt;&lt;&lt;&lt;&lt; Diff end &lt;&lt;&lt;&lt;&lt;&lt;&lt;&lt;&lt;&lt; ==&gt; expected: &lt;true&gt; but was: &lt;false&gt;" type="org.opentest4j.AssertionFailedError"><![CDATA[org.opentest4j.AssertionFailedError: 
>>>>>>>>>> Diff found >>>>>>>>>>
First difference at position 47.
Received: Escriu una contrasenya: La contrasenya 'Pass12' <difference>
Expected: Escriu una contrasenya: La contrasenya 'Pass12': La contrasenya NO és vàlida
<<<<<<<<<< Diff end <<<<<<<<<< ==> expected: <true> but was: <false>
	at org.junit.jupiter.api.AssertionFailureBuilder.build(AssertionFailureBuilder.java:151)
	at org.junit.jupiter.api.AssertionFailureBuilder.buildAndThrow(AssertionFailureBuilder.java:132)
	at org.junit.jupiter.api.AssertTrue.failNotTrue(AssertTrue.java:63)
	at org.junit.jupiter.api.AssertTrue.assertTrue(AssertTrue.java:36)
	at org.junit.jupiter.api.Assertions.assertTrue(Assertions.java:214)
	at com.exercicis.TestExercici0004.testMainFunctionEdgeCase(TestExercici0004.java:140)
	at java.base/java.lang.reflect.Method.invoke(Method.java:580)
	at java.base/java.util.ArrayList.forEach(ArrayList.java:1597)
	at java.base/java.util.ArrayList.forEach(ArrayList.java:1597)
]]></failure>
  </testcase>
  <testcase name="testMainFunctionInvalidPwd" classname="com.exercicis.TestExercici0004" time="0.003">
    <failure message="&gt;&gt;&gt;&gt;&gt;&gt;&gt;&gt;&gt;&gt; Diff found &gt;&gt;&gt;&gt;&gt;&gt;&gt;&gt;&gt;&gt;&#10;First difference at position 49.&#10;Received: Escriu una contrasenya: La contrasenya &apos;password&apos; &lt;difference&gt;&#10;Expected: Escriu una contrasenya: La contrasenya &apos;password&apos;: La contrasenya NO és vàlida&#10;&lt;&lt;&lt;&lt;&lt;&lt;&lt;&lt;&lt;&lt; Diff end &lt;&lt;&lt;&lt;&lt;&lt;&lt;&lt;&lt;&lt; ==&gt; expected: &lt;true&gt; but was: &lt;false&gt;" type="org.opentest4j.AssertionFailedError"><![CDATA[org.opentest4j.AssertionFailedError: 
>>>>>>>>>> Diff found >>>>>>>>>>
First difference at position 49.
Received: Escriu una contrasenya: La contrasenya 'password' <difference>
Expected: Escriu una contrasenya: La contrasenya 'password': La contrasenya NO és vàlida
<<<<<<<<<< Diff end <<<<<<<<<< ==> expected: <true> but was: <false>
	at org.junit.jupiter.api.AssertionFailureBuilder.build(AssertionFailureBuilder.java:151)
	at org.junit.jupiter.api.AssertionFailureBuilder.buildAndThrow(AssertionFailureBuilder.java:132)
	at org.junit.jupiter.api.AssertTrue.failNotTrue(AssertTrue.java:63)
	at org.junit.jupiter.api.AssertTrue.assertTrue(AssertTrue.java:36)
	at org.junit.jupiter.api.Assertions.assertTrue(Assertions.java:214)
	at com.exercicis.TestExercici0004.testMainFunctionInvalidPwd(TestExercici0004.java:113)
	at java.base/java.lang.reflect.Method.invoke(Method.java:580)
	at java.base/java.util.ArrayList.forEach(ArrayList.java:1597)
	at java.base/java.util.ArrayList.forEach(ArrayList.java:1597)
]]></failure>
  </testcase>
  <testcase name="testMainFunctionValidPwd" classname="com.exercicis.TestExercici0004" time="0.003">
    <failure message="&gt;&gt;&gt;&gt;&gt;&gt;&gt;&gt;&gt;&gt; Diff found &gt;&gt;&gt;&gt;&gt;&gt;&gt;&gt;&gt;&gt;&#10;First difference at position 52.&#10;Received: Escriu una contrasenya: La contrasenya &apos;PassWord123&apos; &lt;difference&gt;&#10;Expected: Escriu una contrasenya: La contrasenya &apos;PassWord123&apos;: La contrasenya és vàlida&#10;&lt;&lt;&lt;&lt;&lt;&lt;&lt;&lt;&lt;&lt; Diff end &lt;&lt;&lt;&lt;&lt;&lt;&lt;&lt;&lt;&lt; ==&gt; expected: &lt;true&gt; but was: &lt;false&gt;" type="org.opentest4j.AssertionFailedError"><![CDATA[org.opentest4j.AssertionFailedError: 
>>>>>>>>>> Diff found >>>>>>>>>>
First difference at position 52.
Received: Escriu una contrasenya: La contrasenya 'PassWord123' <difference>
Expected: Escriu una contrasenya: La contrasenya 'PassWord123': La contrasenya és vàlida
<<<<<<<<<< Diff end <<<<<<<<<< ==> expected: <true> but was: <false>
	at org.junit.jupiter.api.AssertionFailureBuilder.build(AssertionFailureBuilder.java:151)
	at org.junit.jupiter.api.AssertionFailureBuilder.buildAndThrow(AssertionFailureBuilder.java:132)
	at org.junit.jupiter.api.AssertTrue.failNotTrue(AssertTrue.java:63)
	at org.junit.jupiter.api.AssertTrue.assertTrue(AssertTrue.java:36)
	at org.junit.jupiter.api.Assertions.assertTrue(Assertions.java:214)
	at com.exercicis.TestExercici0004.testMainFunctionValidPwd(TestExercici0004.java:86)
	at java.base/java.lang.reflect.Method.invoke(Method.java:580)
	at java.base/java.util.ArrayList.forEach(ArrayList.java:1597)
	at java.base/java.util.ArrayList.forEach(ArrayList.java:1597)
]]></failure>
  </testcase>
</testsuite>